<?xml version="1.0" encoding="UTF-8"?>
<testsuites name="Login" time="264" tests="3" failures="0" errors="0">
   <testsuite name="Login" tests="3" failures="0" errors="0" time="264" timestamp="2019-04-23 13:20:49" hostname="hrmlabs - GIV" id="Test Suites/Login">
      <properties>
         <property name="deviceName" value=""/>
         <property name="devicePlatform" value=""/>
         <property name="logFolder" value="C:\\Users\\kris\\Katalon Studio\\Cdg\\Reports\\Login\\20190423_132045"/>
         <property name="logFiles" value="C:\\Users\\kris\\Katalon Studio\\Cdg\\Reports\\Login\\20190423_132045\\execution0.log"/>
         <property name="attachments" value=""/>
         <property name="hostName" value="hrmlabs - GIV"/>
         <property name="os" value="Windows 10 64bit"/>
         <property name="katalonVersion" value="6.0.4.1"/>
         <property name="browser" value="Chrome 73.0.3683.103"/>
         <property name="hostAddress" value="192.168.1.21"/>
         <property name="sessionId" value="95fc0fca2d303bf23c0c59dac4d98789"/>
         <property name="seleniumVersion" value="3.7.1"/>
         <property name="proxyInformation" value="ProxyInformation{proxyOption=NO_PROXY, proxyServerType=HTTP, password=, proxyServerAddress=, proxyServerPort=0}"/>
         <property name="platform" value="Windows 10"/>
      </properties>
      <testcase name="Test Cases/Common Test Cases/Login_Customer" classname="Test Cases/Common Test Cases/Login_Customer" status="PASSED">
         <system-out><![CDATA[2019-04-23 13:20:50 - [TEST_CASE][PASSED] - Test Cases/Common Test Cases/Login_Customer: Test Cases/Common Test Cases/Login_Customer

2019-04-23 13:20:50 - [TEST_STEP][PASSED] - comment("Customer Login with valid account"): Customer Login with valid account

2019-04-23 13:20:50 - [MESSAGE][INFO] - Customer Login with valid account

2019-04-23 13:20:50 - [TEST_STEP][PASSED] - openBrowser(""): Browser is opened with url: ''

2019-04-23 13:20:50 - [MESSAGE][INFO] - Starting 'Chrome' driver

2019-04-23 13:20:50 - [MESSAGE][INFO] - Action delay is set to 0 seconds

2019-04-23 13:21:13 - [MESSAGE][PASSED] - Browser is opened with url: ''

2019-04-23 13:21:13 - [TEST_STEP][PASSED] - navigateToUrl("https://testing.adeptforms.com/module/cdg/customer/session/login"): Navigate to 'https://testing.adeptforms.com/module/cdg/customer/session/login' successfully

2019-04-23 13:21:18 - [MESSAGE][PASSED] - Navigate to 'https://testing.adeptforms.com/module/cdg/customer/session/login' successfully

2019-04-23 13:21:18 - [TEST_STEP][PASSED] - callTestCase(findTestCase("Main Test Cases/Verify Login"), [:], STOP_ON_FAILURE): Call Test Case 'Test Cases/Main Test Cases/Verify Login' successfully

2019-04-23 13:21:19 - [TEST_CASE][PASSED] - Test Cases/Main Test Cases/Verify Login: Test Cases/Main Test Cases/Verify Login

2019-04-23 13:21:19 - [TEST_STEP][PASSED] - verifyAllLinksOnCurrentPageAccessible(true, []): All links on the page 'https://testing.adeptforms.com/module/cdg/customer/session/login' are accessible

2019-04-23 13:21:21 - [MESSAGE][PASSED] - Found 43 unique links on the page https://testing.adeptforms.com/module/cdg/customer/session/login

2019-04-23 13:21:57 - [MESSAGE][INFO] - HAR: C:\Users\kris\Katalon Studio\Cdg\Reports\Login\20190423_132045\requests\main\0.har

2019-04-23 13:22:01 - [MESSAGE][PASSED] - Send request successfully

2019-04-23 13:22:02 - [MESSAGE][INFO] - HAR: C:\Users\kris\Katalon Studio\Cdg\Reports\Login\20190423_132045\requests\main\1.har

2019-04-23 13:22:03 - [MESSAGE][PASSED] - Send request successfully

2019-04-23 13:22:03 - [MESSAGE][INFO] - HAR: C:\Users\kris\Katalon Studio\Cdg\Reports\Login\20190423_132045\requests\main\2.har

2019-04-23 13:22:04 - [MESSAGE][PASSED] - Send request successfully

2019-04-23 13:22:04 - [MESSAGE][INFO] - HAR: C:\Users\kris\Katalon Studio\Cdg\Reports\Login\20190423_132045\requests\main\3.har

2019-04-23 13:22:05 - [MESSAGE][PASSED] - Send request successfully

2019-04-23 13:22:05 - [MESSAGE][INFO] - HAR: C:\Users\kris\Katalon Studio\Cdg\Reports\Login\20190423_132045\requests\main\4.har

2019-04-23 13:22:06 - [MESSAGE][PASSED] - Send request successfully

2019-04-23 13:22:07 - [MESSAGE][INFO] - HAR: C:\Users\kris\Katalon Studio\Cdg\Reports\Login\20190423_132045\requests\main\5.har

2019-04-23 13:22:07 - [MESSAGE][PASSED] - Send request successfully

2019-04-23 13:22:08 - [MESSAGE][INFO] - HAR: C:\Users\kris\Katalon Studio\Cdg\Reports\Login\20190423_132045\requests\main\6.har

2019-04-23 13:22:08 - [MESSAGE][PASSED] - Send request successfully

2019-04-23 13:22:08 - [MESSAGE][INFO] - HAR: C:\Users\kris\Katalon Studio\Cdg\Reports\Login\20190423_132045\requests\main\7.har

2019-04-23 13:22:09 - [MESSAGE][PASSED] - Send request successfully

2019-04-23 13:22:09 - [MESSAGE][INFO] - HAR: C:\Users\kris\Katalon Studio\Cdg\Reports\Login\20190423_132045\requests\main\8.har

2019-04-23 13:22:11 - [MESSAGE][PASSED] - Send request successfully

2019-04-23 13:22:12 - [MESSAGE][INFO] - HAR: C:\Users\kris\Katalon Studio\Cdg\Reports\Login\20190423_132045\requests\main\9.har

2019-04-23 13:22:13 - [MESSAGE][PASSED] - Send request successfully

2019-04-23 13:22:14 - [MESSAGE][INFO] - HAR: C:\Users\kris\Katalon Studio\Cdg\Reports\Login\20190423_132045\requests\main\10.har

2019-04-23 13:22:15 - [MESSAGE][PASSED] - Send request successfully

2019-04-23 13:22:15 - [MESSAGE][INFO] - HAR: C:\Users\kris\Katalon Studio\Cdg\Reports\Login\20190423_132045\requests\main\11.har

2019-04-23 13:22:17 - [MESSAGE][PASSED] - Send request successfully

2019-04-23 13:22:17 - [MESSAGE][INFO] - HAR: C:\Users\kris\Katalon Studio\Cdg\Reports\Login\20190423_132045\requests\main\12.har

2019-04-23 13:22:17 - [MESSAGE][PASSED] - Send request successfully

2019-04-23 13:22:17 - [MESSAGE][INFO] - HAR: C:\Users\kris\Katalon Studio\Cdg\Reports\Login\20190423_132045\requests\main\13.har

2019-04-23 13:22:17 - [MESSAGE][PASSED] - Send request successfully

2019-04-23 13:22:18 - [MESSAGE][INFO] - HAR: C:\Users\kris\Katalon Studio\Cdg\Reports\Login\20190423_132045\requests\main\14.har

2019-04-23 13:22:19 - [MESSAGE][PASSED] - Send request successfully

2019-04-23 13:22:19 - [MESSAGE][INFO] - HAR: C:\Users\kris\Katalon Studio\Cdg\Reports\Login\20190423_132045\requests\main\15.har

2019-04-23 13:22:19 - [MESSAGE][PASSED] - Send request successfully

2019-04-23 13:22:19 - [MESSAGE][INFO] - HAR: C:\Users\kris\Katalon Studio\Cdg\Reports\Login\20190423_132045\requests\main\16.har

2019-04-23 13:22:19 - [MESSAGE][PASSED] - Send request successfully

2019-04-23 13:22:19 - [MESSAGE][INFO] - HAR: C:\Users\kris\Katalon Studio\Cdg\Reports\Login\20190423_132045\requests\main\17.har

2019-04-23 13:22:19 - [MESSAGE][PASSED] - Send request successfully

2019-04-23 13:22:19 - [MESSAGE][INFO] - HAR: C:\Users\kris\Katalon Studio\Cdg\Reports\Login\20190423_132045\requests\main\18.har

2019-04-23 13:22:19 - [MESSAGE][PASSED] - Send request successfully

2019-04-23 13:22:20 - [MESSAGE][INFO] - HAR: C:\Users\kris\Katalon Studio\Cdg\Reports\Login\20190423_132045\requests\main\19.har

2019-04-23 13:22:20 - [MESSAGE][PASSED] - Send request successfully

2019-04-23 13:22:20 - [MESSAGE][INFO] - HAR: C:\Users\kris\Katalon Studio\Cdg\Reports\Login\20190423_132045\requests\main\20.har

2019-04-23 13:22:20 - [MESSAGE][PASSED] - Send request successfully

2019-04-23 13:22:20 - [MESSAGE][INFO] - HAR: C:\Users\kris\Katalon Studio\Cdg\Reports\Login\20190423_132045\requests\main\21.har

2019-04-23 13:22:20 - [MESSAGE][PASSED] - Send request successfully

2019-04-23 13:22:20 - [MESSAGE][INFO] - HAR: C:\Users\kris\Katalon Studio\Cdg\Reports\Login\20190423_132045\requests\main\22.har

2019-04-23 13:22:20 - [MESSAGE][PASSED] - Send request successfully

2019-04-23 13:22:21 - [MESSAGE][INFO] - HAR: C:\Users\kris\Katalon Studio\Cdg\Reports\Login\20190423_132045\requests\main\23.har

2019-04-23 13:22:22 - [MESSAGE][PASSED] - Send request successfully

2019-04-23 13:22:22 - [MESSAGE][INFO] - HAR: C:\Users\kris\Katalon Studio\Cdg\Reports\Login\20190423_132045\requests\main\24.har

2019-04-23 13:22:22 - [MESSAGE][PASSED] - Send request successfully

2019-04-23 13:22:22 - [MESSAGE][INFO] - HAR: C:\Users\kris\Katalon Studio\Cdg\Reports\Login\20190423_132045\requests\main\25.har

2019-04-23 13:22:22 - [MESSAGE][PASSED] - Send request successfully

2019-04-23 13:22:22 - [MESSAGE][INFO] - HAR: C:\Users\kris\Katalon Studio\Cdg\Reports\Login\20190423_132045\requests\main\26.har

2019-04-23 13:22:23 - [MESSAGE][PASSED] - Send request successfully

2019-04-23 13:22:23 - [MESSAGE][INFO] - HAR: C:\Users\kris\Katalon Studio\Cdg\Reports\Login\20190423_132045\requests\main\27.har

2019-04-23 13:22:23 - [MESSAGE][PASSED] - Send request successfully

2019-04-23 13:22:23 - [MESSAGE][INFO] - HAR: C:\Users\kris\Katalon Studio\Cdg\Reports\Login\20190423_132045\requests\main\28.har

2019-04-23 13:22:24 - [MESSAGE][PASSED] - Send request successfully

2019-04-23 13:22:24 - [MESSAGE][INFO] - HAR: C:\Users\kris\Katalon Studio\Cdg\Reports\Login\20190423_132045\requests\main\29.har

2019-04-23 13:22:24 - [MESSAGE][PASSED] - Send request successfully

2019-04-23 13:22:24 - [MESSAGE][INFO] - HAR: C:\Users\kris\Katalon Studio\Cdg\Reports\Login\20190423_132045\requests\main\30.har

2019-04-23 13:22:24 - [MESSAGE][PASSED] - Send request successfully

2019-04-23 13:22:25 - [MESSAGE][INFO] - HAR: C:\Users\kris\Katalon Studio\Cdg\Reports\Login\20190423_132045\requests\main\31.har

2019-04-23 13:22:25 - [MESSAGE][PASSED] - Send request successfully

2019-04-23 13:22:26 - [MESSAGE][INFO] - HAR: C:\Users\kris\Katalon Studio\Cdg\Reports\Login\20190423_132045\requests\main\32.har

2019-04-23 13:22:26 - [MESSAGE][PASSED] - Send request successfully

2019-04-23 13:22:27 - [MESSAGE][INFO] - HAR: C:\Users\kris\Katalon Studio\Cdg\Reports\Login\20190423_132045\requests\main\33.har

2019-04-23 13:22:27 - [MESSAGE][PASSED] - Send request successfully

2019-04-23 13:22:27 - [MESSAGE][INFO] - HAR: C:\Users\kris\Katalon Studio\Cdg\Reports\Login\20190423_132045\requests\main\34.har

2019-04-23 13:22:28 - [MESSAGE][PASSED] - Send request successfully

2019-04-23 13:22:28 - [MESSAGE][INFO] - HAR: C:\Users\kris\Katalon Studio\Cdg\Reports\Login\20190423_132045\requests\main\35.har

2019-04-23 13:22:28 - [MESSAGE][PASSED] - Send request successfully

2019-04-23 13:22:29 - [MESSAGE][INFO] - HAR: C:\Users\kris\Katalon Studio\Cdg\Reports\Login\20190423_132045\requests\main\36.har

2019-04-23 13:22:29 - [MESSAGE][PASSED] - Send request successfully

2019-04-23 13:22:29 - [MESSAGE][INFO] - HAR: C:\Users\kris\Katalon Studio\Cdg\Reports\Login\20190423_132045\requests\main\37.har

2019-04-23 13:22:29 - [MESSAGE][PASSED] - Send request successfully

2019-04-23 13:22:30 - [MESSAGE][INFO] - HAR: C:\Users\kris\Katalon Studio\Cdg\Reports\Login\20190423_132045\requests\main\38.har

2019-04-23 13:22:30 - [MESSAGE][PASSED] - Send request successfully

2019-04-23 13:22:31 - [MESSAGE][INFO] - HAR: C:\Users\kris\Katalon Studio\Cdg\Reports\Login\20190423_132045\requests\main\39.har

2019-04-23 13:22:31 - [MESSAGE][PASSED] - Send request successfully

2019-04-23 13:22:31 - [MESSAGE][INFO] - HAR: C:\Users\kris\Katalon Studio\Cdg\Reports\Login\20190423_132045\requests\main\40.har

2019-04-23 13:22:31 - [MESSAGE][PASSED] - Send request successfully

2019-04-23 13:22:32 - [MESSAGE][INFO] - HAR: C:\Users\kris\Katalon Studio\Cdg\Reports\Login\20190423_132045\requests\main\41.har

2019-04-23 13:22:32 - [MESSAGE][PASSED] - Send request successfully

2019-04-23 13:22:32 - [MESSAGE][INFO] - HAR: C:\Users\kris\Katalon Studio\Cdg\Reports\Login\20190423_132045\requests\main\42.har

2019-04-23 13:22:32 - [MESSAGE][PASSED] - Send request successfully

2019-04-23 13:22:32 - [MESSAGE][PASSED] - All links are accessible

2019-04-23 13:22:32 - [MESSAGE][PASSED] - All links on the page 'https://testing.adeptforms.com/module/cdg/customer/session/login' are accessible

2019-04-23 13:22:32 - [TEST_STEP][PASSED] - waitForElementVisible(findTestObject("Page_CDG/img"), 6): Object 'Object Repository/Page_CDG/img' is visible

2019-04-23 13:22:32 - [MESSAGE][PASSED] - Object 'Object Repository/Page_CDG/img' is visible

2019-04-23 13:22:32 - [TEST_STEP][PASSED] - waitForElementVisible(findTestObject("Object Repository/Page_CDG/Ver_Loginpage"), 6): Web element with id: 'Object Repository/Page_CDG/Ver_Loginpage' located by 'By.xpath: ' not found

2019-04-23 13:22:39 - [MESSAGE][INFO] - Unable to find the element located by 'By.xpath: '. Please recheck the objects properties to make sure the desired element is located. 

2019-04-23 13:22:39 - [MESSAGE][WARNING] - Web element with id: 'Object Repository/Page_CDG/Ver_Loginpage' located by 'By.xpath: ' not found

2019-04-23 13:22:39 - [TEST_STEP][PASSED] - waitForElementVisible(findTestObject("Page_CDG/Input_Email"), 6): Object 'Object Repository/Page_CDG/Input_Email' is visible

2019-04-23 13:22:39 - [MESSAGE][PASSED] - Object 'Object Repository/Page_CDG/Input_Email' is visible

2019-04-23 13:22:39 - [TEST_STEP][PASSED] - waitForElementVisible(findTestObject("Page_CDG/Input_Password"), 6): Object 'Object Repository/Page_CDG/Input_Password' is visible

2019-04-23 13:22:39 - [MESSAGE][PASSED] - Object 'Object Repository/Page_CDG/Input_Password' is visible

2019-04-23 13:22:39 - [TEST_STEP][PASSED] - waitForElementVisible(findTestObject("Page_CDG/Signin_Text_Verify"), 6): Object 'Object Repository/Page_CDG/Signin_Text_Verify' is visible

2019-04-23 13:22:39 - [MESSAGE][PASSED] - Object 'Object Repository/Page_CDG/Signin_Text_Verify' is visible

2019-04-23 13:22:39 - [TEST_STEP][PASSED] - waitForElementVisible(findTestObject("Page_CDG/Register_Text"), 6): Object 'Object Repository/Page_CDG/Register_Text' is visible

2019-04-23 13:22:39 - [MESSAGE][PASSED] - Object 'Object Repository/Page_CDG/Register_Text' is visible

2019-04-23 13:22:39 - [TEST_STEP][PASSED] - waitForElementVisible(findTestObject("Page_CDG/Forgot_Password_Text"), 6): Object 'Object Repository/Page_CDG/Forgot_Password_Text' is visible

2019-04-23 13:22:40 - [MESSAGE][PASSED] - Object 'Object Repository/Page_CDG/Forgot_Password_Text' is visible

2019-04-23 13:22:40 - [TEST_STEP][PASSED] - waitForElementVisible(findTestObject("Object Repository/Page_CDG/button_Login"), 6): Object 'Object Repository/Page_CDG/button_Login' is visible

2019-04-23 13:22:40 - [MESSAGE][PASSED] - Object 'Object Repository/Page_CDG/button_Login' is visible

2019-04-23 13:22:40 - [MESSAGE][PASSED] - Call Test Case 'Test Cases/Main Test Cases/Verify Login' successfully

2019-04-23 13:22:40 - [TEST_STEP][PASSED] - setText(findTestObject("Page_CDG/Input_Email"), Input_Email): Text 'asikinaul@gmail.com' is set on object 'Object Repository/Page_CDG/Input_Email'

2019-04-23 13:22:41 - [MESSAGE][PASSED] - Text 'asikinaul@gmail.com' is set on object 'Object Repository/Page_CDG/Input_Email'

2019-04-23 13:22:41 - [TEST_STEP][PASSED] - setText(findTestObject("Page_CDG/Input_Password"), Input_Password): Text '12345' is set on object 'Object Repository/Page_CDG/Input_Password'

2019-04-23 13:22:42 - [MESSAGE][PASSED] - Text '12345' is set on object 'Object Repository/Page_CDG/Input_Password'

2019-04-23 13:22:42 - [TEST_STEP][PASSED] - click(findTestObject("Page_CDG/button_Login")): Object: 'Object Repository/Page_CDG/button_Login' is clicked on

2019-04-23 13:22:42 - [MESSAGE][PASSED] - Object: 'Object Repository/Page_CDG/button_Login' is clicked on

2019-04-23 13:22:42 - [TEST_STEP][PASSED] - delay(8): Delayed 8 second(s)

2019-04-23 13:22:50 - [MESSAGE][PASSED] - Delayed 8 second(s)

2019-04-23 13:22:50 - [TEST_STEP][PASSED] - if (verifyTextPresent("Add Product", false, OPTIONAL)): Text 'Add Product' is not present on page 

2019-04-23 13:22:50 - [MESSAGE][WARNING] - Text 'Add Product' is not present on page 

2019-04-23 13:22:50 - [TEST_STEP][PASSED] - else: Call Test Case 'Test Cases/Main Test Cases/Verify Failed Login' successfully

2019-04-23 13:22:50 - [TEST_STEP][PASSED] - callTestCase(findTestCase("Main Test Cases/Verify Failed Login"), [:], STOP_ON_FAILURE): Call Test Case 'Test Cases/Main Test Cases/Verify Failed Login' successfully

2019-04-23 13:22:50 - [TEST_CASE][PASSED] - Test Cases/Main Test Cases/Verify Failed Login: Test Cases/Main Test Cases/Verify Failed Login

2019-04-23 13:22:50 - [TEST_STEP][PASSED] - waitForElementVisible(findTestObject("Object Repository/Page_Login/Page_CDG/div_WarningWrong password"), 6): Web element with id: 'Object Repository/Page_Login/Page_CDG/div_WarningWrong password' located by 'By.xpath: V' not found

2019-04-23 13:22:56 - [MESSAGE][INFO] - Unable to find the element located by 'By.xpath: V'. Please recheck the objects properties to make sure the desired element is located. 

2019-04-23 13:22:56 - [MESSAGE][WARNING] - Web element with id: 'Object Repository/Page_Login/Page_CDG/div_WarningWrong password' located by 'By.xpath: V' not found

2019-04-23 13:22:56 - [TEST_STEP][PASSED] - waitForElementVisible(findTestObject("Object Repository/Page_Login/Page_CDG/span_Register_brighttheme-icon"), 6): Web element with id: 'Object Repository/Page_Login/Page_CDG/span_Register_brighttheme-icon' located by 'By.xpath: //body[@id='cdg']/div[4]/div/div/span' not found

2019-04-23 13:23:03 - [MESSAGE][INFO] - Unable to find the element located by 'By.xpath: //body[@id='cdg']/div[4]/div/div/span'. Please recheck the objects properties to make sure the desired element is located. 

2019-04-23 13:23:03 - [MESSAGE][WARNING] - Web element with id: 'Object Repository/Page_Login/Page_CDG/span_Register_brighttheme-icon' located by 'By.xpath: //body[@id='cdg']/div[4]/div/div/span' not found

2019-04-23 13:23:03 - [TEST_STEP][PASSED] - waitForElementVisible(findTestObject("Object Repository/Page_Login/Page_CDG/div_Wrong password"), 6): Web element with id: 'Object Repository/Page_Login/Page_CDG/div_Wrong password' located by 'By.xpath: //body[@id='cdg']/div[4]/div/div[4]' not found

2019-04-23 13:23:09 - [MESSAGE][INFO] - Unable to find the element located by 'By.xpath: //body[@id='cdg']/div[4]/div/div[4]'. Please recheck the objects properties to make sure the desired element is located. 

2019-04-23 13:23:09 - [MESSAGE][WARNING] - Web element with id: 'Object Repository/Page_Login/Page_CDG/div_Wrong password' located by 'By.xpath: //body[@id='cdg']/div[4]/div/div[4]' not found

2019-04-23 13:23:09 - [MESSAGE][PASSED] - Call Test Case 'Test Cases/Main Test Cases/Verify Failed Login' successfully

2019-04-23 13:23:09 - [TEST_STEP][PASSED] - closeBrowser(): Browser is closed

2019-04-23 13:23:11 - [MESSAGE][PASSED] - Browser is closed]]></system-out>
         <system-err><![CDATA[]]></system-err>
      </testcase>
      <testcase name="Test Cases/Common Test Cases/Login_Customer" classname="Test Cases/Common Test Cases/Login_Customer" status="PASSED">
         <system-out><![CDATA[2019-04-23 13:23:11 - [TEST_CASE][PASSED] - Test Cases/Common Test Cases/Login_Customer: Test Cases/Common Test Cases/Login_Customer

2019-04-23 13:23:11 - [TEST_STEP][PASSED] - comment("Customer Login with valid account"): Customer Login with valid account

2019-04-23 13:23:11 - [MESSAGE][INFO] - Customer Login with valid account

2019-04-23 13:23:11 - [TEST_STEP][PASSED] - openBrowser(""): Browser is opened with url: ''

2019-04-23 13:23:11 - [MESSAGE][INFO] - Starting 'Chrome' driver

2019-04-23 13:23:20 - [MESSAGE][PASSED] - Browser is opened with url: ''

2019-04-23 13:23:20 - [TEST_STEP][PASSED] - navigateToUrl("https://testing.adeptforms.com/module/cdg/customer/session/login"): Navigate to 'https://testing.adeptforms.com/module/cdg/customer/session/login' successfully

2019-04-23 13:23:24 - [MESSAGE][PASSED] - Navigate to 'https://testing.adeptforms.com/module/cdg/customer/session/login' successfully

2019-04-23 13:23:24 - [TEST_STEP][PASSED] - callTestCase(findTestCase("Main Test Cases/Verify Login"), [:], STOP_ON_FAILURE): Call Test Case 'Test Cases/Main Test Cases/Verify Login' successfully

2019-04-23 13:23:24 - [TEST_CASE][PASSED] - Test Cases/Main Test Cases/Verify Login: Test Cases/Main Test Cases/Verify Login

2019-04-23 13:23:24 - [TEST_STEP][PASSED] - verifyAllLinksOnCurrentPageAccessible(true, []): All links on the page 'https://testing.adeptforms.com/module/cdg/customer/session/login' are accessible

2019-04-23 13:23:25 - [MESSAGE][PASSED] - Found 43 unique links on the page https://testing.adeptforms.com/module/cdg/customer/session/login

2019-04-23 13:23:25 - [MESSAGE][INFO] - HAR: C:\Users\kris\Katalon Studio\Cdg\Reports\Login\20190423_132045\requests\main\43.har

2019-04-23 13:23:25 - [MESSAGE][PASSED] - Send request successfully

2019-04-23 13:23:26 - [MESSAGE][INFO] - HAR: C:\Users\kris\Katalon Studio\Cdg\Reports\Login\20190423_132045\requests\main\44.har

2019-04-23 13:23:26 - [MESSAGE][PASSED] - Send request successfully

2019-04-23 13:23:27 - [MESSAGE][INFO] - HAR: C:\Users\kris\Katalon Studio\Cdg\Reports\Login\20190423_132045\requests\main\45.har

2019-04-23 13:23:27 - [MESSAGE][PASSED] - Send request successfully

2019-04-23 13:23:27 - [MESSAGE][INFO] - HAR: C:\Users\kris\Katalon Studio\Cdg\Reports\Login\20190423_132045\requests\main\46.har

2019-04-23 13:23:27 - [MESSAGE][PASSED] - Send request successfully

2019-04-23 13:23:28 - [MESSAGE][INFO] - HAR: C:\Users\kris\Katalon Studio\Cdg\Reports\Login\20190423_132045\requests\main\47.har

2019-04-23 13:23:28 - [MESSAGE][PASSED] - Send request successfully

2019-04-23 13:23:29 - [MESSAGE][INFO] - HAR: C:\Users\kris\Katalon Studio\Cdg\Reports\Login\20190423_132045\requests\main\48.har

2019-04-23 13:23:29 - [MESSAGE][PASSED] - Send request successfully

2019-04-23 13:23:29 - [MESSAGE][INFO] - HAR: C:\Users\kris\Katalon Studio\Cdg\Reports\Login\20190423_132045\requests\main\49.har

2019-04-23 13:23:29 - [MESSAGE][PASSED] - Send request successfully

2019-04-23 13:23:29 - [MESSAGE][INFO] - HAR: C:\Users\kris\Katalon Studio\Cdg\Reports\Login\20190423_132045\requests\main\50.har

2019-04-23 13:23:29 - [MESSAGE][PASSED] - Send request successfully

2019-04-23 13:23:29 - [MESSAGE][INFO] - HAR: C:\Users\kris\Katalon Studio\Cdg\Reports\Login\20190423_132045\requests\main\51.har

2019-04-23 13:23:31 - [MESSAGE][PASSED] - Send request successfully

2019-04-23 13:23:31 - [MESSAGE][INFO] - HAR: C:\Users\kris\Katalon Studio\Cdg\Reports\Login\20190423_132045\requests\main\52.har

2019-04-23 13:23:31 - [MESSAGE][PASSED] - Send request successfully

2019-04-23 13:23:32 - [MESSAGE][INFO] - HAR: C:\Users\kris\Katalon Studio\Cdg\Reports\Login\20190423_132045\requests\main\53.har

2019-04-23 13:23:33 - [MESSAGE][PASSED] - Send request successfully

2019-04-23 13:23:33 - [MESSAGE][INFO] - HAR: C:\Users\kris\Katalon Studio\Cdg\Reports\Login\20190423_132045\requests\main\54.har

2019-04-23 13:23:34 - [MESSAGE][PASSED] - Send request successfully

2019-04-23 13:23:34 - [MESSAGE][INFO] - HAR: C:\Users\kris\Katalon Studio\Cdg\Reports\Login\20190423_132045\requests\main\55.har

2019-04-23 13:23:34 - [MESSAGE][PASSED] - Send request successfully

2019-04-23 13:23:34 - [MESSAGE][INFO] - HAR: C:\Users\kris\Katalon Studio\Cdg\Reports\Login\20190423_132045\requests\main\56.har

2019-04-23 13:23:34 - [MESSAGE][PASSED] - Send request successfully

2019-04-23 13:23:34 - [MESSAGE][INFO] - HAR: C:\Users\kris\Katalon Studio\Cdg\Reports\Login\20190423_132045\requests\main\57.har

2019-04-23 13:23:34 - [MESSAGE][PASSED] - Send request successfully

2019-04-23 13:23:35 - [MESSAGE][INFO] - HAR: C:\Users\kris\Katalon Studio\Cdg\Reports\Login\20190423_132045\requests\main\58.har

2019-04-23 13:23:35 - [MESSAGE][PASSED] - Send request successfully

2019-04-23 13:23:35 - [MESSAGE][INFO] - HAR: C:\Users\kris\Katalon Studio\Cdg\Reports\Login\20190423_132045\requests\main\59.har

2019-04-23 13:23:35 - [MESSAGE][PASSED] - Send request successfully

2019-04-23 13:23:35 - [MESSAGE][INFO] - HAR: C:\Users\kris\Katalon Studio\Cdg\Reports\Login\20190423_132045\requests\main\60.har

2019-04-23 13:23:36 - [MESSAGE][PASSED] - Send request successfully

2019-04-23 13:23:36 - [MESSAGE][INFO] - HAR: C:\Users\kris\Katalon Studio\Cdg\Reports\Login\20190423_132045\requests\main\61.har

2019-04-23 13:23:36 - [MESSAGE][PASSED] - Send request successfully

2019-04-23 13:23:36 - [MESSAGE][INFO] - HAR: C:\Users\kris\Katalon Studio\Cdg\Reports\Login\20190423_132045\requests\main\62.har

2019-04-23 13:23:36 - [MESSAGE][PASSED] - Send request successfully

2019-04-23 13:23:37 - [MESSAGE][INFO] - HAR: C:\Users\kris\Katalon Studio\Cdg\Reports\Login\20190423_132045\requests\main\63.har

2019-04-23 13:23:37 - [MESSAGE][PASSED] - Send request successfully

2019-04-23 13:23:37 - [MESSAGE][INFO] - HAR: C:\Users\kris\Katalon Studio\Cdg\Reports\Login\20190423_132045\requests\main\64.har

2019-04-23 13:23:37 - [MESSAGE][PASSED] - Send request successfully

2019-04-23 13:23:37 - [MESSAGE][INFO] - HAR: C:\Users\kris\Katalon Studio\Cdg\Reports\Login\20190423_132045\requests\main\65.har

2019-04-23 13:23:37 - [MESSAGE][PASSED] - Send request successfully

2019-04-23 13:23:38 - [MESSAGE][INFO] - HAR: C:\Users\kris\Katalon Studio\Cdg\Reports\Login\20190423_132045\requests\main\66.har

2019-04-23 13:23:38 - [MESSAGE][PASSED] - Send request successfully

2019-04-23 13:23:38 - [MESSAGE][INFO] - HAR: C:\Users\kris\Katalon Studio\Cdg\Reports\Login\20190423_132045\requests\main\67.har

2019-04-23 13:23:38 - [MESSAGE][PASSED] - Send request successfully

2019-04-23 13:23:39 - [MESSAGE][INFO] - HAR: C:\Users\kris\Katalon Studio\Cdg\Reports\Login\20190423_132045\requests\main\68.har

2019-04-23 13:23:39 - [MESSAGE][PASSED] - Send request successfully

2019-04-23 13:23:39 - [MESSAGE][INFO] - HAR: C:\Users\kris\Katalon Studio\Cdg\Reports\Login\20190423_132045\requests\main\69.har

2019-04-23 13:23:39 - [MESSAGE][PASSED] - Send request successfully

2019-04-23 13:23:39 - [MESSAGE][INFO] - HAR: C:\Users\kris\Katalon Studio\Cdg\Reports\Login\20190423_132045\requests\main\70.har

2019-04-23 13:23:39 - [MESSAGE][PASSED] - Send request successfully

2019-04-23 13:23:40 - [MESSAGE][INFO] - HAR: C:\Users\kris\Katalon Studio\Cdg\Reports\Login\20190423_132045\requests\main\71.har

2019-04-23 13:23:40 - [MESSAGE][PASSED] - Send request successfully

2019-04-23 13:23:40 - [MESSAGE][INFO] - HAR: C:\Users\kris\Katalon Studio\Cdg\Reports\Login\20190423_132045\requests\main\72.har

2019-04-23 13:23:40 - [MESSAGE][PASSED] - Send request successfully

2019-04-23 13:23:40 - [MESSAGE][INFO] - HAR: C:\Users\kris\Katalon Studio\Cdg\Reports\Login\20190423_132045\requests\main\73.har

2019-04-23 13:23:40 - [MESSAGE][PASSED] - Send request successfully

2019-04-23 13:23:41 - [MESSAGE][INFO] - HAR: C:\Users\kris\Katalon Studio\Cdg\Reports\Login\20190423_132045\requests\main\74.har

2019-04-23 13:23:41 - [MESSAGE][PASSED] - Send request successfully

2019-04-23 13:23:42 - [MESSAGE][INFO] - HAR: C:\Users\kris\Katalon Studio\Cdg\Reports\Login\20190423_132045\requests\main\75.har

2019-04-23 13:23:42 - [MESSAGE][PASSED] - Send request successfully

2019-04-23 13:23:43 - [MESSAGE][INFO] - HAR: C:\Users\kris\Katalon Studio\Cdg\Reports\Login\20190423_132045\requests\main\76.har

2019-04-23 13:23:43 - [MESSAGE][PASSED] - Send request successfully

2019-04-23 13:23:43 - [MESSAGE][INFO] - HAR: C:\Users\kris\Katalon Studio\Cdg\Reports\Login\20190423_132045\requests\main\77.har

2019-04-23 13:23:43 - [MESSAGE][PASSED] - Send request successfully

2019-04-23 13:23:43 - [MESSAGE][INFO] - HAR: C:\Users\kris\Katalon Studio\Cdg\Reports\Login\20190423_132045\requests\main\78.har

2019-04-23 13:23:43 - [MESSAGE][PASSED] - Send request successfully

2019-04-23 13:23:44 - [MESSAGE][INFO] - HAR: C:\Users\kris\Katalon Studio\Cdg\Reports\Login\20190423_132045\requests\main\79.har

2019-04-23 13:23:44 - [MESSAGE][PASSED] - Send request successfully

2019-04-23 13:23:44 - [MESSAGE][INFO] - HAR: C:\Users\kris\Katalon Studio\Cdg\Reports\Login\20190423_132045\requests\main\80.har

2019-04-23 13:23:45 - [MESSAGE][PASSED] - Send request successfully

2019-04-23 13:23:45 - [MESSAGE][INFO] - HAR: C:\Users\kris\Katalon Studio\Cdg\Reports\Login\20190423_132045\requests\main\81.har

2019-04-23 13:23:45 - [MESSAGE][PASSED] - Send request successfully

2019-04-23 13:23:46 - [MESSAGE][INFO] - HAR: C:\Users\kris\Katalon Studio\Cdg\Reports\Login\20190423_132045\requests\main\82.har

2019-04-23 13:23:46 - [MESSAGE][PASSED] - Send request successfully

2019-04-23 13:23:47 - [MESSAGE][INFO] - HAR: C:\Users\kris\Katalon Studio\Cdg\Reports\Login\20190423_132045\requests\main\83.har

2019-04-23 13:23:47 - [MESSAGE][PASSED] - Send request successfully

2019-04-23 13:23:47 - [MESSAGE][INFO] - HAR: C:\Users\kris\Katalon Studio\Cdg\Reports\Login\20190423_132045\requests\main\84.har

2019-04-23 13:23:47 - [MESSAGE][PASSED] - Send request successfully

2019-04-23 13:23:47 - [MESSAGE][INFO] - HAR: C:\Users\kris\Katalon Studio\Cdg\Reports\Login\20190423_132045\requests\main\85.har

2019-04-23 13:23:47 - [MESSAGE][PASSED] - Send request successfully

2019-04-23 13:23:47 - [MESSAGE][PASSED] - All links are accessible

2019-04-23 13:23:47 - [MESSAGE][PASSED] - All links on the page 'https://testing.adeptforms.com/module/cdg/customer/session/login' are accessible

2019-04-23 13:23:47 - [TEST_STEP][PASSED] - waitForElementVisible(findTestObject("Page_CDG/img"), 6): Object 'Object Repository/Page_CDG/img' is visible

2019-04-23 13:23:47 - [MESSAGE][PASSED] - Object 'Object Repository/Page_CDG/img' is visible

2019-04-23 13:23:47 - [TEST_STEP][PASSED] - waitForElementVisible(findTestObject("Object Repository/Page_CDG/Ver_Loginpage"), 6): Web element with id: 'Object Repository/Page_CDG/Ver_Loginpage' located by 'By.xpath: ' not found

2019-04-23 13:23:54 - [MESSAGE][INFO] - Unable to find the element located by 'By.xpath: '. Please recheck the objects properties to make sure the desired element is located. 

2019-04-23 13:23:54 - [MESSAGE][WARNING] - Web element with id: 'Object Repository/Page_CDG/Ver_Loginpage' located by 'By.xpath: ' not found

2019-04-23 13:23:54 - [TEST_STEP][PASSED] - waitForElementVisible(findTestObject("Page_CDG/Input_Email"), 6): Object 'Object Repository/Page_CDG/Input_Email' is visible

2019-04-23 13:23:54 - [MESSAGE][PASSED] - Object 'Object Repository/Page_CDG/Input_Email' is visible

2019-04-23 13:23:54 - [TEST_STEP][PASSED] - waitForElementVisible(findTestObject("Page_CDG/Input_Password"), 6): Object 'Object Repository/Page_CDG/Input_Password' is visible

2019-04-23 13:23:54 - [MESSAGE][PASSED] - Object 'Object Repository/Page_CDG/Input_Password' is visible

2019-04-23 13:23:54 - [TEST_STEP][PASSED] - waitForElementVisible(findTestObject("Page_CDG/Signin_Text_Verify"), 6): Object 'Object Repository/Page_CDG/Signin_Text_Verify' is visible

2019-04-23 13:23:54 - [MESSAGE][PASSED] - Object 'Object Repository/Page_CDG/Signin_Text_Verify' is visible

2019-04-23 13:23:54 - [TEST_STEP][PASSED] - waitForElementVisible(findTestObject("Page_CDG/Register_Text"), 6): Object 'Object Repository/Page_CDG/Register_Text' is visible

2019-04-23 13:23:54 - [MESSAGE][PASSED] - Object 'Object Repository/Page_CDG/Register_Text' is visible

2019-04-23 13:23:54 - [TEST_STEP][PASSED] - waitForElementVisible(findTestObject("Page_CDG/Forgot_Password_Text"), 6): Object 'Object Repository/Page_CDG/Forgot_Password_Text' is visible

2019-04-23 13:23:54 - [MESSAGE][PASSED] - Object 'Object Repository/Page_CDG/Forgot_Password_Text' is visible

2019-04-23 13:23:54 - [TEST_STEP][PASSED] - waitForElementVisible(findTestObject("Object Repository/Page_CDG/button_Login"), 6): Object 'Object Repository/Page_CDG/button_Login' is visible

2019-04-23 13:23:54 - [MESSAGE][PASSED] - Object 'Object Repository/Page_CDG/button_Login' is visible

2019-04-23 13:23:54 - [MESSAGE][PASSED] - Call Test Case 'Test Cases/Main Test Cases/Verify Login' successfully

2019-04-23 13:23:54 - [TEST_STEP][PASSED] - setText(findTestObject("Page_CDG/Input_Email"), Input_Email): Text 'farida@adeptforms.com' is set on object 'Object Repository/Page_CDG/Input_Email'

2019-04-23 13:23:56 - [MESSAGE][PASSED] - Text 'farida@adeptforms.com' is set on object 'Object Repository/Page_CDG/Input_Email'

2019-04-23 13:23:56 - [TEST_STEP][PASSED] - setText(findTestObject("Page_CDG/Input_Password"), Input_Password): Text '12345' is set on object 'Object Repository/Page_CDG/Input_Password'

2019-04-23 13:23:56 - [MESSAGE][PASSED] - Text '12345' is set on object 'Object Repository/Page_CDG/Input_Password'

2019-04-23 13:23:56 - [TEST_STEP][PASSED] - click(findTestObject("Page_CDG/button_Login")): Object: 'Object Repository/Page_CDG/button_Login' is clicked on

2019-04-23 13:23:56 - [MESSAGE][PASSED] - Object: 'Object Repository/Page_CDG/button_Login' is clicked on

2019-04-23 13:23:56 - [TEST_STEP][PASSED] - delay(8): Delayed 8 second(s)

2019-04-23 13:24:04 - [MESSAGE][PASSED] - Delayed 8 second(s)

2019-04-23 13:24:04 - [TEST_STEP][PASSED] - if (verifyTextPresent("Add Product", false, OPTIONAL)): Call Test Case 'Test Cases/Main Test Cases/Verify Successful Login' successfully

2019-04-23 13:24:06 - [MESSAGE][PASSED] - Text 'Add Product' is present on page 

2019-04-23 13:24:06 - [TEST_STEP][PASSED] - callTestCase(findTestCase("Main Test Cases/Verify Successful Login"), [:], STOP_ON_FAILURE): Call Test Case 'Test Cases/Main Test Cases/Verify Successful Login' successfully

2019-04-23 13:24:06 - [TEST_CASE][PASSED] - Test Cases/Main Test Cases/Verify Successful Login: Test Cases/Main Test Cases/Verify Successful Login

2019-04-23 13:24:07 - [TEST_STEP][PASSED] - verifyElementVisible(findTestObject("Page_CDG/SECTION_PRODUCT_PAGE")): Object 'Object Repository/Page_CDG/SECTION_PRODUCT_PAGE' is visible

2019-04-23 13:24:07 - [MESSAGE][PASSED] - Object 'Object Repository/Page_CDG/SECTION_PRODUCT_PAGE' is visible

2019-04-23 13:24:07 - [TEST_STEP][PASSED] - verifyElementVisible(findTestObject("Page_CDG/Content_Product List")): Object 'Object Repository/Page_CDG/Content_Product List' is visible

2019-04-23 13:24:07 - [MESSAGE][PASSED] - Object 'Object Repository/Page_CDG/Content_Product List' is visible

2019-04-23 13:24:07 - [TEST_STEP][PASSED] - verifyElementVisible(findTestObject("Page_CDG/Verify_Addproduct_Text")): Object 'Object Repository/Page_CDG/Verify_Addproduct_Text' is visible

2019-04-23 13:24:07 - [MESSAGE][PASSED] - Object 'Object Repository/Page_CDG/Verify_Addproduct_Text' is visible

2019-04-23 13:24:07 - [TEST_STEP][PASSED] - verifyElementVisible(findTestObject("Page_CDG/Close_Add_Product")): Object 'Object Repository/Page_CDG/Close_Add_Product' is visible

2019-04-23 13:24:07 - [MESSAGE][PASSED] - Object 'Object Repository/Page_CDG/Close_Add_Product' is visible

2019-04-23 13:24:07 - [TEST_STEP][PASSED] - scrollToElement(findTestObject("Page_CDG/Privacy_Policy"), 6): Scroll to object 'Object Repository/Page_CDG/Privacy_Policy' successfully

2019-04-23 13:24:08 - [MESSAGE][PASSED] - Scroll to object 'Object Repository/Page_CDG/Privacy_Policy' successfully

2019-04-23 13:24:08 - [TEST_STEP][PASSED] - verifyElementVisible(findTestObject("Page_CDG/Copyright")): Object 'Object Repository/Page_CDG/Copyright' is visible

2019-04-23 13:24:08 - [MESSAGE][PASSED] - Object 'Object Repository/Page_CDG/Copyright' is visible

2019-04-23 13:24:08 - [TEST_STEP][PASSED] - click(findTestObject("Page_CDG/Privacy_Policy")): Object: 'Object Repository/Page_CDG/Privacy_Policy' is clicked on

2019-04-23 13:24:08 - [MESSAGE][PASSED] - Object: 'Object Repository/Page_CDG/Privacy_Policy' is clicked on

2019-04-23 13:24:08 - [TEST_STEP][PASSED] - click(findTestObject("Page_CDG/Terms_of_Use")): Object: 'Object Repository/Page_CDG/Terms_of_Use' is clicked on

2019-04-23 13:24:09 - [MESSAGE][PASSED] - Object: 'Object Repository/Page_CDG/Terms_of_Use' is clicked on

2019-04-23 13:24:09 - [MESSAGE][PASSED] - Call Test Case 'Test Cases/Main Test Cases/Verify Successful Login' successfully

2019-04-23 13:24:09 - [TEST_STEP][PASSED] - closeBrowser(): Browser is closed

2019-04-23 13:24:10 - [MESSAGE][PASSED] - Browser is closed]]></system-out>
         <system-err><![CDATA[]]></system-err>
      </testcase>
      <testcase name="Test Cases/Common Test Cases/Login_Customer" classname="Test Cases/Common Test Cases/Login_Customer" status="PASSED">
         <system-out><![CDATA[2019-04-23 13:24:10 - [TEST_CASE][PASSED] - Test Cases/Common Test Cases/Login_Customer: Test Cases/Common Test Cases/Login_Customer

2019-04-23 13:24:10 - [TEST_STEP][PASSED] - comment("Customer Login with valid account"): Customer Login with valid account

2019-04-23 13:24:10 - [MESSAGE][INFO] - Customer Login with valid account

2019-04-23 13:24:10 - [TEST_STEP][PASSED] - openBrowser(""): Browser is opened with url: ''

2019-04-23 13:24:10 - [MESSAGE][INFO] - Starting 'Chrome' driver

2019-04-23 13:24:17 - [MESSAGE][PASSED] - Browser is opened with url: ''

2019-04-23 13:24:17 - [TEST_STEP][PASSED] - navigateToUrl("https://testing.adeptforms.com/module/cdg/customer/session/login"): Navigate to 'https://testing.adeptforms.com/module/cdg/customer/session/login' successfully

2019-04-23 13:24:20 - [MESSAGE][PASSED] - Navigate to 'https://testing.adeptforms.com/module/cdg/customer/session/login' successfully

2019-04-23 13:24:20 - [TEST_STEP][PASSED] - callTestCase(findTestCase("Main Test Cases/Verify Login"), [:], STOP_ON_FAILURE): Call Test Case 'Test Cases/Main Test Cases/Verify Login' successfully

2019-04-23 13:24:20 - [TEST_CASE][PASSED] - Test Cases/Main Test Cases/Verify Login: Test Cases/Main Test Cases/Verify Login

2019-04-23 13:24:20 - [TEST_STEP][PASSED] - verifyAllLinksOnCurrentPageAccessible(true, []): All links on the page 'https://testing.adeptforms.com/module/cdg/customer/session/login' are accessible

2019-04-23 13:24:21 - [MESSAGE][PASSED] - Found 43 unique links on the page https://testing.adeptforms.com/module/cdg/customer/session/login

2019-04-23 13:24:21 - [MESSAGE][INFO] - HAR: C:\Users\kris\Katalon Studio\Cdg\Reports\Login\20190423_132045\requests\main\86.har

2019-04-23 13:24:21 - [MESSAGE][PASSED] - Send request successfully

2019-04-23 13:24:22 - [MESSAGE][INFO] - HAR: C:\Users\kris\Katalon Studio\Cdg\Reports\Login\20190423_132045\requests\main\87.har

2019-04-23 13:24:22 - [MESSAGE][PASSED] - Send request successfully

2019-04-23 13:24:22 - [MESSAGE][INFO] - HAR: C:\Users\kris\Katalon Studio\Cdg\Reports\Login\20190423_132045\requests\main\88.har

2019-04-23 13:24:22 - [MESSAGE][PASSED] - Send request successfully

2019-04-23 13:24:22 - [MESSAGE][INFO] - HAR: C:\Users\kris\Katalon Studio\Cdg\Reports\Login\20190423_132045\requests\main\89.har

2019-04-23 13:24:22 - [MESSAGE][PASSED] - Send request successfully

2019-04-23 13:24:23 - [MESSAGE][INFO] - HAR: C:\Users\kris\Katalon Studio\Cdg\Reports\Login\20190423_132045\requests\main\90.har

2019-04-23 13:24:23 - [MESSAGE][PASSED] - Send request successfully

2019-04-23 13:24:23 - [MESSAGE][INFO] - HAR: C:\Users\kris\Katalon Studio\Cdg\Reports\Login\20190423_132045\requests\main\91.har

2019-04-23 13:24:23 - [MESSAGE][PASSED] - Send request successfully

2019-04-23 13:24:24 - [MESSAGE][INFO] - HAR: C:\Users\kris\Katalon Studio\Cdg\Reports\Login\20190423_132045\requests\main\92.har

2019-04-23 13:24:24 - [MESSAGE][PASSED] - Send request successfully

2019-04-23 13:24:24 - [MESSAGE][INFO] - HAR: C:\Users\kris\Katalon Studio\Cdg\Reports\Login\20190423_132045\requests\main\93.har

2019-04-23 13:24:24 - [MESSAGE][PASSED] - Send request successfully

2019-04-23 13:24:24 - [MESSAGE][INFO] - HAR: C:\Users\kris\Katalon Studio\Cdg\Reports\Login\20190423_132045\requests\main\94.har

2019-04-23 13:24:24 - [MESSAGE][PASSED] - Send request successfully

2019-04-23 13:24:25 - [MESSAGE][INFO] - HAR: C:\Users\kris\Katalon Studio\Cdg\Reports\Login\20190423_132045\requests\main\95.har

2019-04-23 13:24:25 - [MESSAGE][PASSED] - Send request successfully

2019-04-23 13:24:25 - [MESSAGE][INFO] - HAR: C:\Users\kris\Katalon Studio\Cdg\Reports\Login\20190423_132045\requests\main\96.har

2019-04-23 13:24:25 - [MESSAGE][PASSED] - Send request successfully

2019-04-23 13:24:26 - [MESSAGE][INFO] - HAR: C:\Users\kris\Katalon Studio\Cdg\Reports\Login\20190423_132045\requests\main\97.har

2019-04-23 13:24:26 - [MESSAGE][PASSED] - Send request successfully

2019-04-23 13:24:26 - [MESSAGE][INFO] - HAR: C:\Users\kris\Katalon Studio\Cdg\Reports\Login\20190423_132045\requests\main\98.har

2019-04-23 13:24:26 - [MESSAGE][PASSED] - Send request successfully

2019-04-23 13:24:26 - [MESSAGE][INFO] - HAR: C:\Users\kris\Katalon Studio\Cdg\Reports\Login\20190423_132045\requests\main\99.har

2019-04-23 13:24:27 - [MESSAGE][PASSED] - Send request successfully

2019-04-23 13:24:27 - [MESSAGE][INFO] - HAR: C:\Users\kris\Katalon Studio\Cdg\Reports\Login\20190423_132045\requests\main\100.har

2019-04-23 13:24:27 - [MESSAGE][PASSED] - Send request successfully

2019-04-23 13:24:27 - [MESSAGE][INFO] - HAR: C:\Users\kris\Katalon Studio\Cdg\Reports\Login\20190423_132045\requests\main\101.har

2019-04-23 13:24:27 - [MESSAGE][PASSED] - Send request successfully

2019-04-23 13:24:27 - [MESSAGE][INFO] - HAR: C:\Users\kris\Katalon Studio\Cdg\Reports\Login\20190423_132045\requests\main\102.har

2019-04-23 13:24:27 - [MESSAGE][PASSED] - Send request successfully

2019-04-23 13:24:28 - [MESSAGE][INFO] - HAR: C:\Users\kris\Katalon Studio\Cdg\Reports\Login\20190423_132045\requests\main\103.har

2019-04-23 13:24:28 - [MESSAGE][PASSED] - Send request successfully

2019-04-23 13:24:28 - [MESSAGE][INFO] - HAR: C:\Users\kris\Katalon Studio\Cdg\Reports\Login\20190423_132045\requests\main\104.har

2019-04-23 13:24:28 - [MESSAGE][PASSED] - Send request successfully

2019-04-23 13:24:28 - [MESSAGE][INFO] - HAR: C:\Users\kris\Katalon Studio\Cdg\Reports\Login\20190423_132045\requests\main\105.har

2019-04-23 13:24:28 - [MESSAGE][PASSED] - Send request successfully

2019-04-23 13:24:29 - [MESSAGE][INFO] - HAR: C:\Users\kris\Katalon Studio\Cdg\Reports\Login\20190423_132045\requests\main\106.har

2019-04-23 13:24:29 - [MESSAGE][PASSED] - Send request successfully

2019-04-23 13:24:29 - [MESSAGE][INFO] - HAR: C:\Users\kris\Katalon Studio\Cdg\Reports\Login\20190423_132045\requests\main\107.har

2019-04-23 13:24:30 - [MESSAGE][PASSED] - Send request successfully

2019-04-23 13:24:30 - [MESSAGE][INFO] - HAR: C:\Users\kris\Katalon Studio\Cdg\Reports\Login\20190423_132045\requests\main\108.har

2019-04-23 13:24:30 - [MESSAGE][PASSED] - Send request successfully

2019-04-23 13:24:30 - [MESSAGE][INFO] - HAR: C:\Users\kris\Katalon Studio\Cdg\Reports\Login\20190423_132045\requests\main\109.har

2019-04-23 13:24:30 - [MESSAGE][PASSED] - Send request successfully

2019-04-23 13:24:30 - [MESSAGE][INFO] - HAR: C:\Users\kris\Katalon Studio\Cdg\Reports\Login\20190423_132045\requests\main\110.har

2019-04-23 13:24:31 - [MESSAGE][PASSED] - Send request successfully

2019-04-23 13:24:31 - [MESSAGE][INFO] - HAR: C:\Users\kris\Katalon Studio\Cdg\Reports\Login\20190423_132045\requests\main\111.har

2019-04-23 13:24:31 - [MESSAGE][PASSED] - Send request successfully

2019-04-23 13:24:31 - [MESSAGE][INFO] - HAR: C:\Users\kris\Katalon Studio\Cdg\Reports\Login\20190423_132045\requests\main\112.har

2019-04-23 13:24:31 - [MESSAGE][PASSED] - Send request successfully

2019-04-23 13:24:31 - [MESSAGE][INFO] - HAR: C:\Users\kris\Katalon Studio\Cdg\Reports\Login\20190423_132045\requests\main\113.har

2019-04-23 13:24:31 - [MESSAGE][PASSED] - Send request successfully

2019-04-23 13:24:32 - [MESSAGE][INFO] - HAR: C:\Users\kris\Katalon Studio\Cdg\Reports\Login\20190423_132045\requests\main\114.har

2019-04-23 13:24:32 - [MESSAGE][PASSED] - Send request successfully

2019-04-23 13:24:32 - [MESSAGE][INFO] - HAR: C:\Users\kris\Katalon Studio\Cdg\Reports\Login\20190423_132045\requests\main\115.har

2019-04-23 13:24:32 - [MESSAGE][PASSED] - Send request successfully

2019-04-23 13:24:32 - [MESSAGE][INFO] - HAR: C:\Users\kris\Katalon Studio\Cdg\Reports\Login\20190423_132045\requests\main\116.har

2019-04-23 13:24:33 - [MESSAGE][PASSED] - Send request successfully

2019-04-23 13:24:33 - [MESSAGE][INFO] - HAR: C:\Users\kris\Katalon Studio\Cdg\Reports\Login\20190423_132045\requests\main\117.har

2019-04-23 13:24:33 - [MESSAGE][PASSED] - Send request successfully

2019-04-23 13:24:33 - [MESSAGE][INFO] - HAR: C:\Users\kris\Katalon Studio\Cdg\Reports\Login\20190423_132045\requests\main\118.har

2019-04-23 13:24:34 - [MESSAGE][PASSED] - Send request successfully

2019-04-23 13:24:35 - [MESSAGE][INFO] - HAR: C:\Users\kris\Katalon Studio\Cdg\Reports\Login\20190423_132045\requests\main\119.har

2019-04-23 13:24:35 - [MESSAGE][PASSED] - Send request successfully

2019-04-23 13:24:35 - [MESSAGE][INFO] - HAR: C:\Users\kris\Katalon Studio\Cdg\Reports\Login\20190423_132045\requests\main\120.har

2019-04-23 13:24:35 - [MESSAGE][PASSED] - Send request successfully

2019-04-23 13:24:35 - [MESSAGE][INFO] - HAR: C:\Users\kris\Katalon Studio\Cdg\Reports\Login\20190423_132045\requests\main\121.har

2019-04-23 13:24:35 - [MESSAGE][PASSED] - Send request successfully

2019-04-23 13:24:36 - [MESSAGE][INFO] - HAR: C:\Users\kris\Katalon Studio\Cdg\Reports\Login\20190423_132045\requests\main\122.har

2019-04-23 13:24:36 - [MESSAGE][PASSED] - Send request successfully

2019-04-23 13:24:36 - [MESSAGE][INFO] - HAR: C:\Users\kris\Katalon Studio\Cdg\Reports\Login\20190423_132045\requests\main\123.har

2019-04-23 13:24:36 - [MESSAGE][PASSED] - Send request successfully

2019-04-23 13:24:37 - [MESSAGE][INFO] - HAR: C:\Users\kris\Katalon Studio\Cdg\Reports\Login\20190423_132045\requests\main\124.har

2019-04-23 13:24:37 - [MESSAGE][PASSED] - Send request successfully

2019-04-23 13:24:38 - [MESSAGE][INFO] - HAR: C:\Users\kris\Katalon Studio\Cdg\Reports\Login\20190423_132045\requests\main\125.har

2019-04-23 13:24:39 - [MESSAGE][PASSED] - Send request successfully

2019-04-23 13:24:39 - [MESSAGE][INFO] - HAR: C:\Users\kris\Katalon Studio\Cdg\Reports\Login\20190423_132045\requests\main\126.har

2019-04-23 13:24:39 - [MESSAGE][PASSED] - Send request successfully

2019-04-23 13:24:39 - [MESSAGE][INFO] - HAR: C:\Users\kris\Katalon Studio\Cdg\Reports\Login\20190423_132045\requests\main\127.har

2019-04-23 13:24:39 - [MESSAGE][PASSED] - Send request successfully

2019-04-23 13:24:39 - [MESSAGE][INFO] - HAR: C:\Users\kris\Katalon Studio\Cdg\Reports\Login\20190423_132045\requests\main\128.har

2019-04-23 13:24:39 - [MESSAGE][PASSED] - Send request successfully

2019-04-23 13:24:39 - [MESSAGE][PASSED] - All links are accessible

2019-04-23 13:24:39 - [MESSAGE][PASSED] - All links on the page 'https://testing.adeptforms.com/module/cdg/customer/session/login' are accessible

2019-04-23 13:24:39 - [TEST_STEP][PASSED] - waitForElementVisible(findTestObject("Page_CDG/img"), 6): Object 'Object Repository/Page_CDG/img' is visible

2019-04-23 13:24:39 - [MESSAGE][PASSED] - Object 'Object Repository/Page_CDG/img' is visible

2019-04-23 13:24:39 - [TEST_STEP][PASSED] - waitForElementVisible(findTestObject("Object Repository/Page_CDG/Ver_Loginpage"), 6): Web element with id: 'Object Repository/Page_CDG/Ver_Loginpage' located by 'By.xpath: ' not found

2019-04-23 13:24:45 - [MESSAGE][INFO] - Unable to find the element located by 'By.xpath: '. Please recheck the objects properties to make sure the desired element is located. 

2019-04-23 13:24:45 - [MESSAGE][WARNING] - Web element with id: 'Object Repository/Page_CDG/Ver_Loginpage' located by 'By.xpath: ' not found

2019-04-23 13:24:45 - [TEST_STEP][PASSED] - waitForElementVisible(findTestObject("Page_CDG/Input_Email"), 6): Object 'Object Repository/Page_CDG/Input_Email' is visible

2019-04-23 13:24:45 - [MESSAGE][PASSED] - Object 'Object Repository/Page_CDG/Input_Email' is visible

2019-04-23 13:24:45 - [TEST_STEP][PASSED] - waitForElementVisible(findTestObject("Page_CDG/Input_Password"), 6): Object 'Object Repository/Page_CDG/Input_Password' is visible

2019-04-23 13:24:45 - [MESSAGE][PASSED] - Object 'Object Repository/Page_CDG/Input_Password' is visible

2019-04-23 13:24:45 - [TEST_STEP][PASSED] - waitForElementVisible(findTestObject("Page_CDG/Signin_Text_Verify"), 6): Object 'Object Repository/Page_CDG/Signin_Text_Verify' is visible

2019-04-23 13:24:45 - [MESSAGE][PASSED] - Object 'Object Repository/Page_CDG/Signin_Text_Verify' is visible

2019-04-23 13:24:45 - [TEST_STEP][PASSED] - waitForElementVisible(findTestObject("Page_CDG/Register_Text"), 6): Object 'Object Repository/Page_CDG/Register_Text' is visible

2019-04-23 13:24:45 - [MESSAGE][PASSED] - Object 'Object Repository/Page_CDG/Register_Text' is visible

2019-04-23 13:24:45 - [TEST_STEP][PASSED] - waitForElementVisible(findTestObject("Page_CDG/Forgot_Password_Text"), 6): Object 'Object Repository/Page_CDG/Forgot_Password_Text' is visible

2019-04-23 13:24:46 - [MESSAGE][PASSED] - Object 'Object Repository/Page_CDG/Forgot_Password_Text' is visible

2019-04-23 13:24:46 - [TEST_STEP][PASSED] - waitForElementVisible(findTestObject("Object Repository/Page_CDG/button_Login"), 6): Object 'Object Repository/Page_CDG/button_Login' is visible

2019-04-23 13:24:46 - [MESSAGE][PASSED] - Object 'Object Repository/Page_CDG/button_Login' is visible

2019-04-23 13:24:46 - [MESSAGE][PASSED] - Call Test Case 'Test Cases/Main Test Cases/Verify Login' successfully

2019-04-23 13:24:46 - [TEST_STEP][PASSED] - setText(findTestObject("Page_CDG/Input_Email"), Input_Email): Text 'dhiyaulasikinaul@gmail.com' is set on object 'Object Repository/Page_CDG/Input_Email'

2019-04-23 13:24:46 - [MESSAGE][PASSED] - Text 'dhiyaulasikinaul@gmail.com' is set on object 'Object Repository/Page_CDG/Input_Email'

2019-04-23 13:24:46 - [TEST_STEP][PASSED] - setText(findTestObject("Page_CDG/Input_Password"), Input_Password): Text 'asikin01' is set on object 'Object Repository/Page_CDG/Input_Password'

2019-04-23 13:24:46 - [MESSAGE][PASSED] - Text 'asikin01' is set on object 'Object Repository/Page_CDG/Input_Password'

2019-04-23 13:24:46 - [TEST_STEP][PASSED] - click(findTestObject("Page_CDG/button_Login")): Object: 'Object Repository/Page_CDG/button_Login' is clicked on

2019-04-23 13:24:46 - [MESSAGE][PASSED] - Object: 'Object Repository/Page_CDG/button_Login' is clicked on

2019-04-23 13:24:46 - [TEST_STEP][PASSED] - delay(8): Delayed 8 second(s)

2019-04-23 13:24:54 - [MESSAGE][PASSED] - Delayed 8 second(s)

2019-04-23 13:24:54 - [TEST_STEP][PASSED] - if (verifyTextPresent("Add Product", false, OPTIONAL)): Text 'Add Product' is not present on page 

2019-04-23 13:24:54 - [MESSAGE][WARNING] - Text 'Add Product' is not present on page 

2019-04-23 13:24:54 - [TEST_STEP][PASSED] - else: Call Test Case 'Test Cases/Main Test Cases/Verify Failed Login' successfully

2019-04-23 13:24:54 - [TEST_STEP][PASSED] - callTestCase(findTestCase("Main Test Cases/Verify Failed Login"), [:], STOP_ON_FAILURE): Call Test Case 'Test Cases/Main Test Cases/Verify Failed Login' successfully

2019-04-23 13:24:54 - [TEST_CASE][PASSED] - Test Cases/Main Test Cases/Verify Failed Login: Test Cases/Main Test Cases/Verify Failed Login

2019-04-23 13:24:54 - [TEST_STEP][PASSED] - waitForElementVisible(findTestObject("Object Repository/Page_Login/Page_CDG/div_WarningWrong password"), 6): Web element with id: 'Object Repository/Page_Login/Page_CDG/div_WarningWrong password' located by 'By.xpath: V' not found

2019-04-23 13:25:01 - [MESSAGE][INFO] - Unable to find the element located by 'By.xpath: V'. Please recheck the objects properties to make sure the desired element is located. 

2019-04-23 13:25:01 - [MESSAGE][WARNING] - Web element with id: 'Object Repository/Page_Login/Page_CDG/div_WarningWrong password' located by 'By.xpath: V' not found

2019-04-23 13:25:01 - [TEST_STEP][PASSED] - waitForElementVisible(findTestObject("Object Repository/Page_Login/Page_CDG/span_Register_brighttheme-icon"), 6): Web element with id: 'Object Repository/Page_Login/Page_CDG/span_Register_brighttheme-icon' located by 'By.xpath: //body[@id='cdg']/div[4]/div/div/span' not found

2019-04-23 13:25:07 - [MESSAGE][INFO] - Unable to find the element located by 'By.xpath: //body[@id='cdg']/div[4]/div/div/span'. Please recheck the objects properties to make sure the desired element is located. 

2019-04-23 13:25:07 - [MESSAGE][WARNING] - Web element with id: 'Object Repository/Page_Login/Page_CDG/span_Register_brighttheme-icon' located by 'By.xpath: //body[@id='cdg']/div[4]/div/div/span' not found

2019-04-23 13:25:07 - [TEST_STEP][PASSED] - waitForElementVisible(findTestObject("Object Repository/Page_Login/Page_CDG/div_Wrong password"), 6): Web element with id: 'Object Repository/Page_Login/Page_CDG/div_Wrong password' located by 'By.xpath: //body[@id='cdg']/div[4]/div/div[4]' not found

2019-04-23 13:25:13 - [MESSAGE][INFO] - Unable to find the element located by 'By.xpath: //body[@id='cdg']/div[4]/div/div[4]'. Please recheck the objects properties to make sure the desired element is located. 

2019-04-23 13:25:13 - [MESSAGE][WARNING] - Web element with id: 'Object Repository/Page_Login/Page_CDG/div_Wrong password' located by 'By.xpath: //body[@id='cdg']/div[4]/div/div[4]' not found

2019-04-23 13:25:13 - [MESSAGE][PASSED] - Call Test Case 'Test Cases/Main Test Cases/Verify Failed Login' successfully

2019-04-23 13:25:13 - [TEST_STEP][PASSED] - closeBrowser(): Browser is closed

2019-04-23 13:25:14 - [MESSAGE][PASSED] - Browser is closed]]></system-out>
         <system-err><![CDATA[]]></system-err>
      </testcase>
      <system-out><![CDATA[2019-04-23 13:20:49 - [TEST_SUITE][PASSED] - Login: Test Cases/Common Test Cases/Login_Customer]]></system-out>
      <system-err><![CDATA[]]></system-err>
   </testsuite>
</testsuites>
